<?xml version="1.0" encoding="UTF-8"?>
<!-- Generated by org.testng.reporters.JUnitReportReporter -->
<testsuite hostname="Success" name="Data2.DataTestNG" tests="1" failures="0" timestamp="10 Oct 2017 10:37:42 GMT" time="0.049" errors="0">
  <testcase name="f" time="0.049" classname="Data2.DataTestNG"/>
</testsuite> <!-- Data2.DataTestNG -->
